<?xml version="1.0" encoding="UTF-8"?>
<!-- Generated by org.testng.reporters.JUnitXMLReporter -->
<testsuite ignored="3" hostname="DESKTOP-41G56EL" failures="0" tests="1" name="Default test" time="0.231" errors="0" timestamp="2025-03-19T12:16:03 IST">
  <testcase classname="com.internetherokuapp.tests.ABTest" name="validateHeader" time="0.099"/>
  <testcase classname="com.internetherokuapp.tests.ABTest" name="verifyParaEndsWith" time="0.0">
    <ignored/>
  </testcase> <!-- verifyParaEndsWith -->
  <testcase classname="com.internetherokuapp.tests.ABTest" name="verifyEleSeleniumBtnIsPres" time="0.0">
    <ignored/>
  </testcase> <!-- verifyEleSeleniumBtnIsPres -->
  <testcase classname="com.internetherokuapp.tests.ABTest" name="verifyParaStartsWithText" time="0.0">
    <ignored/>
  </testcase> <!-- verifyParaStartsWithText -->
</testsuite> <!-- Default test -->
