<?xml version="1.0" encoding="UTF-8"?>
<testng-results ignored="0" total="1" passed="1" failed="0" skipped="0">
  <reporter-output>
  </reporter-output>
  <suite started-at="2025-03-21T12:53:27 IST" name="Default suite" finished-at="2025-03-21T12:53:27 IST" duration-ms="831">
    <groups>
    </groups>
    <test started-at="2025-03-21T12:53:27 IST" name="Default test" finished-at="2025-03-21T12:53:27 IST" duration-ms="831">
      <class name="com.internetherokuapp.tests.CheckBoxesTests">
        <test-method signature="verifyCheckBoxlink()[pri:0, instance:com.internetherokuapp.tests.CheckBoxesTests@407cf41]" started-at="2025-03-21T12:53:27 IST" name="verifyCheckBoxlink" finished-at="2025-03-21T12:53:27 IST" duration-ms="603" status="PASS">
          <reporter-output>
          </reporter-output>
        </test-method> <!-- verifyCheckBoxlink -->
      </class> <!-- com.internetherokuapp.tests.CheckBoxesTests -->
    </test> <!-- Default test -->
  </suite> <!-- Default suite -->
</testng-results>
