<?xml version="1.0" encoding="UTF-8"?>
<testng-results ignored="0" total="1" passed="1" failed="0" skipped="0">
  <reporter-output>
  </reporter-output>
  <suite started-at="2025-03-18T12:54:21 IST" name="Default suite" finished-at="2025-03-18T12:54:22 IST" duration-ms="758">
    <groups>
    </groups>
    <test started-at="2025-03-18T12:54:21 IST" name="Default test" finished-at="2025-03-18T12:54:22 IST" duration-ms="758">
      <class name="com.internetherokuapp.tests.ABTest">
        <test-method signature="demoTest()[pri:0, instance:com.internetherokuapp.tests.ABTest@4212a0c8]" started-at="2025-03-18T12:54:21 IST" name="demoTest" finished-at="2025-03-18T12:54:22 IST" duration-ms="645" status="PASS">
          <reporter-output>
          </reporter-output>
        </test-method> <!-- demoTest -->
      </class> <!-- com.internetherokuapp.tests.ABTest -->
    </test> <!-- Default test -->
  </suite> <!-- Default suite -->
</testng-results>
